platforms/android/app/build/outputs/logs/manifest-merger-debug-report.txt
-- Merging decision tree log ---
category#com.abbott.apocmobile
INJECTED from android\app\AndroidManifest.xml:16:17-61
	android:name
		INJECTED from android\app\AndroidManifest.xml
		ADDED from android\app\AndroidManifest.xml:16:27-58
permission#com.abbott.apocmobile.permission.C2D_MESSAGE
INJECTED from android\app\AndroidManifest.xml:36:5-110
	android:protectionLevel
		ADDED from android\app\AndroidManifest.xml:36:72-107
	android:name
		INJECTED from android\app\AndroidManifest.xml
		ADDED from android\app\AndroidManifest.xml:36:17-71
uses-permission#com.abbott.apocmobile.permission.C2D_MESSAGE
INJECTED from android\app\AndroidManifest.xml:37:5-79
	android:name
		INJECTED from android\app\AndroidManifest.xml
		ADDED from android\app\AndroidManifest.xml:37:22-76
manifest
ADDED from android\app\AndroidManifest.xml:2:1-38:12
INJECTED from android\app\AndroidManifest.xml:2:1-38:12
INJECTED from android\app\AndroidManifest.xml:2:1-38:12
INJECTED from android\app\AndroidManifest.xml:2:1-38:12
MERGED from [com.android.support:support-v13:23.4.0] AndroidManifest.xml:17:1-24:12
MERGED from [com.google.android.gms:play-services-gcm:15.0.1] AndroidManifest.xml:17:1-28:12
MERGED from [:CordovaLib] AndroidManifest.xml:20:1-27:12
MERGED from [com.google.android.gms:play-services-iid:15.0.1] AndroidManifest.xml:17:1-28:12
MERGED from [com.google.android.gms:play-services-base:15.0.1] AndroidManifest.xml:17:1-29:12
MERGED from [com.google.android.gms:play-services-stats:15.0.1] AndroidManifest.xml:2:1-9:12
MERGED from [com.google.android.gms:play-services-tasks:15.0.1] AndroidManifest.xml:2:1-9:12
MERGED from [com.google.android.gms:play-services-basement:15.0.1] AndroidManifest.xml:17:1-28:12
MERGED from [com.android.support:support-v4:26.1.0] AndroidManifest.xml:17:1-31:12
MERGED from [com.android.support:support-media-compat:26.1.0] AndroidManifest.xml:17:1-31:12
MERGED from [com.android.support:support-fragment:26.1.0] AndroidManifest.xml:17:1-31:12
MERGED from [com.android.support:support-core-utils:26.1.0] AndroidManifest.xml:17:1-31:12
MERGED from [com.android.support:support-core-ui:26.1.0] AndroidManifest.xml:17:1-31:12
MERGED from [com.android.support:support-compat:26.1.0] AndroidManifest.xml:17:1-31:12
MERGED from [android.arch.lifecycle:runtime:1.0.0] AndroidManifest.xml:17:1-30:12
INJECTED from android\app\AndroidManifest.xml:2:1-38:12
INJECTED from android\app\AndroidManifest.xml:2:1-38:12
INJECTED from android\app\AndroidManifest.xml:2:1-38:12
	package
		ADDED from android\app\AndroidManifest.xml:2:98-129
		INJECTED from android\app\AndroidManifest.xml
		INJECTED from android\app\AndroidManifest.xml
	android:versionName
		ADDED from android\app\AndroidManifest.xml:2:70-97
		INJECTED from android\app\AndroidManifest.xml
		INJECTED from android\app\AndroidManifest.xml
	android:hardwareAccelerated
		ADDED from android\app\AndroidManifest.xml:2:11-45
	xmlns:android
		ADDED from android\app\AndroidManifest.xml:2:130-188
	android:versionCode
		ADDED from android\app\AndroidManifest.xml:2:46-69
		INJECTED from android\app\AndroidManifest.xml
		INJECTED from android\app\AndroidManifest.xml
supports-screens
ADDED from android\app\AndroidManifest.xml:3:5-191
	android:largeScreens
		ADDED from android\app\AndroidManifest.xml:3:49-76
	android:smallScreens
		ADDED from android\app\AndroidManifest.xml:3:132-159
	android:normalScreens
		ADDED from android\app\AndroidManifest.xml:3:77-105
	android:xlargeScreens
		ADDED from android\app\AndroidManifest.xml:3:160-188
	android:resizeable
		ADDED from android\app\AndroidManifest.xml:3:106-131
	android:anyDensity
		ADDED from android\app\AndroidManifest.xml:3:23-48
uses-permission#android.permission.INTERNET
ADDED from android\app\AndroidManifest.xml:4:5-67
MERGED from [com.google.android.gms:play-services-gcm:15.0.1] AndroidManifest.xml:24:5-67
MERGED from [com.google.android.gms:play-services-gcm:15.0.1] AndroidManifest.xml:24:5-67
MERGED from [com.google.android.gms:play-services-iid:15.0.1] AndroidManifest.xml:24:5-67
MERGED from [com.google.android.gms:play-services-iid:15.0.1] AndroidManifest.xml:24:5-67
	android:name
		ADDED from android\app\AndroidManifest.xml:4:22-64
application
ADDED from android\app\AndroidManifest.xml:5:5-30:19
MERGED from [com.android.support:support-v13:23.4.0] AndroidManifest.xml:22:5-20
MERGED from [com.android.support:support-v13:23.4.0] AndroidManifest.xml:22:5-20
MERGED from [com.google.android.gms:play-services-gcm:15.0.1] AndroidManifest.xml:26:5-20
MERGED from [com.google.android.gms:play-services-gcm:15.0.1] AndroidManifest.xml:26:5-20
MERGED from [com.google.android.gms:play-services-iid:15.0.1] AndroidManifest.xml:26:5-20
MERGED from [com.google.android.gms:play-services-iid:15.0.1] AndroidManifest.xml:26:5-20
MERGED from [com.google.android.gms:play-services-base:15.0.1] AndroidManifest.xml:22:5-27:19
MERGED from [com.google.android.gms:play-services-base:15.0.1] AndroidManifest.xml:22:5-27:19
MERGED from [com.google.android.gms:play-services-stats:15.0.1] AndroidManifest.xml:7:5-20
MERGED from [com.google.android.gms:play-services-stats:15.0.1] AndroidManifest.xml:7:5-20
MERGED from [com.google.android.gms:play-services-tasks:15.0.1] AndroidManifest.xml:7:5-20
MERGED from [com.google.android.gms:play-services-tasks:15.0.1] AndroidManifest.xml:7:5-20
MERGED from [com.google.android.gms:play-services-basement:15.0.1] AndroidManifest.xml:22:5-26:19
MERGED from [com.google.android.gms:play-services-basement:15.0.1] AndroidManifest.xml:22:5-26:19
MERGED from [com.android.support:support-v4:26.1.0] AndroidManifest.xml:25:5-29:19
MERGED from [com.android.support:support-v4:26.1.0] AndroidManifest.xml:25:5-29:19
MERGED from [com.android.support:support-media-compat:26.1.0] AndroidManifest.xml:25:5-29:19
MERGED from [com.android.support:support-media-compat:26.1.0] AndroidManifest.xml:25:5-29:19
MERGED from [com.android.support:support-fragment:26.1.0] AndroidManifest.xml:25:5-29:19
MERGED from [com.android.support:support-fragment:26.1.0] AndroidManifest.xml:25:5-29:19
MERGED from [com.android.support:support-core-utils:26.1.0] AndroidManifest.xml:25:5-29:19
MERGED from [com.android.support:support-core-utils:26.1.0] AndroidManifest.xml:25:5-29:19
MERGED from [com.android.support:support-core-ui:26.1.0] AndroidManifest.xml:25:5-29:19
MERGED from [com.android.support:support-core-ui:26.1.0] AndroidManifest.xml:25:5-29:19
MERGED from [com.android.support:support-compat:26.1.0] AndroidManifest.xml:25:5-29:19
MERGED from [com.android.support:support-compat:26.1.0] AndroidManifest.xml:25:5-29:19
MERGED from [android.arch.lifecycle:runtime:1.0.0] AndroidManifest.xml:24:5-28:19
MERGED from [android.arch.lifecycle:runtime:1.0.0] AndroidManifest.xml:24:5-28:19
	android:supportsRtl
		ADDED from android\app\AndroidManifest.xml:5:263-289
	android:label
		ADDED from android\app\AndroidManifest.xml:5:87-119
	android:hardwareAccelerated
		ADDED from android\app\AndroidManifest.xml:5:18-52
	android:manageSpaceActivity
		ADDED from android\app\AndroidManifest.xml:5:120-198
	android:icon
		ADDED from android\app\AndroidManifest.xml:5:53-86
	android:name
		ADDED from android\app\AndroidManifest.xml:5:199-262
activity#com.salesforce.androidsdk.phonegap.ui.SalesforceDroidGapActivity
ADDED from android\app\AndroidManifest.xml:6:9-11:20
	android:label
		ADDED from android\app\AndroidManifest.xml:6:97-129
	android:launchMode
		ADDED from android\app\AndroidManifest.xml:6:130-160
	android:windowSoftInputMode
		ADDED from android\app\AndroidManifest.xml:6:295-337
	android:configChanges
		ADDED from android\app\AndroidManifest.xml:6:19-96
	android:theme
		ADDED from android\app\AndroidManifest.xml:6:241-294
	android:name
		ADDED from android\app\AndroidManifest.xml:6:161-240
intent-filter#android.intent.action.MAIN+android.intent.category.LAUNCHER
ADDED from android\app\AndroidManifest.xml:7:13-10:29
	android:label
		ADDED from android\app\AndroidManifest.xml:7:28-65
action#android.intent.action.MAIN
ADDED from android\app\AndroidManifest.xml:8:17-69
	android:name
		ADDED from android\app\AndroidManifest.xml:8:25-66
category#android.intent.category.LAUNCHER
ADDED from android\app\AndroidManifest.xml:9:17-77
	android:name
		ADDED from android\app\AndroidManifest.xml:9:27-74
activity#com.adobe.phonegap.push.PushHandlerActivity
ADDED from android\app\AndroidManifest.xml:12:9-104
	android:exported
		ADDED from android\app\AndroidManifest.xml:12:19-42
	android:name
		ADDED from android\app\AndroidManifest.xml:12:43-101
receiver#com.google.android.gms.gcm.GcmReceiver
ADDED from android\app\AndroidManifest.xml:13:9-18:20
	android:exported
		ADDED from android\app\AndroidManifest.xml:13:19-42
	android:permission
		ADDED from android\app\AndroidManifest.xml:13:97-157
	android:name
		ADDED from android\app\AndroidManifest.xml:13:43-96
intent-filter#com.abbott.apocmobile+com.google.android.c2dm.intent.RECEIVE
ADDED from android\app\AndroidManifest.xml:14:13-17:29
action#com.google.android.c2dm.intent.RECEIVE
ADDED from android\app\AndroidManifest.xml:15:17-81
	android:name
		ADDED from android\app\AndroidManifest.xml:15:25-78
service#com.adobe.phonegap.push.GCMIntentService
ADDED from android\app\AndroidManifest.xml:19:9-23:19
	android:exported
		ADDED from android\app\AndroidManifest.xml:19:18-42
	android:name
		ADDED from android\app\AndroidManifest.xml:19:43-98
intent-filter#com.google.android.c2dm.intent.RECEIVE
ADDED from android\app\AndroidManifest.xml:20:13-22:29
service#com.adobe.phonegap.push.PushInstanceIDListenerService
ADDED from android\app\AndroidManifest.xml:24:9-28:19
	android:exported
		ADDED from android\app\AndroidManifest.xml:24:18-42
	android:name
		ADDED from android\app\AndroidManifest.xml:24:43-111
intent-filter#com.google.android.gms.iid.InstanceID
ADDED from android\app\AndroidManifest.xml:25:13-27:29
action#com.google.android.gms.iid.InstanceID
ADDED from android\app\AndroidManifest.xml:26:17-80
	android:name
		ADDED from android\app\AndroidManifest.xml:26:25-77
service#com.adobe.phonegap.push.RegistrationIntentService
ADDED from android\app\AndroidManifest.xml:29:9-110
	android:exported
		ADDED from android\app\AndroidManifest.xml:29:18-42
	android:name
		ADDED from android\app\AndroidManifest.xml:29:43-107
uses-sdk
ADDED from android\app\AndroidManifest.xml:31:5-74
INJECTED from android\app\AndroidManifest.xml:31:5-74
MERGED from [com.android.support:support-v13:23.4.0] AndroidManifest.xml:20:5-44
MERGED from [com.android.support:support-v13:23.4.0] AndroidManifest.xml:20:5-44
MERGED from [com.google.android.gms:play-services-gcm:15.0.1] AndroidManifest.xml:20:5-44
MERGED from [com.google.android.gms:play-services-gcm:15.0.1] AndroidManifest.xml:20:5-44
MERGED from [:CordovaLib] AndroidManifest.xml:25:5-44
MERGED from [:CordovaLib] AndroidManifest.xml:25:5-44
MERGED from [com.google.android.gms:play-services-iid:15.0.1] AndroidManifest.xml:20:5-44
MERGED from [com.google.android.gms:play-services-iid:15.0.1] AndroidManifest.xml:20:5-44
MERGED from [com.google.android.gms:play-services-base:15.0.1] AndroidManifest.xml:20:5-44
MERGED from [com.google.android.gms:play-services-base:15.0.1] AndroidManifest.xml:20:5-44
MERGED from [com.google.android.gms:play-services-stats:15.0.1] AndroidManifest.xml:5:5-44
MERGED from [com.google.android.gms:play-services-stats:15.0.1] AndroidManifest.xml:5:5-44
MERGED from [com.google.android.gms:play-services-tasks:15.0.1] AndroidManifest.xml:5:5-44
MERGED from [com.google.android.gms:play-services-tasks:15.0.1] AndroidManifest.xml:5:5-44
MERGED from [com.google.android.gms:play-services-basement:15.0.1] AndroidManifest.xml:20:5-44
MERGED from [com.google.android.gms:play-services-basement:15.0.1] AndroidManifest.xml:20:5-44
MERGED from [com.android.support:support-v4:26.1.0] AndroidManifest.xml:21:5-23:54
MERGED from [com.android.support:support-v4:26.1.0] AndroidManifest.xml:21:5-23:54
MERGED from [com.android.support:support-media-compat:26.1.0] AndroidManifest.xml:21:5-23:63
MERGED from [com.android.support:support-media-compat:26.1.0] AndroidManifest.xml:21:5-23:63
MERGED from [com.android.support:support-fragment:26.1.0] AndroidManifest.xml:21:5-23:60
MERGED from [com.android.support:support-fragment:26.1.0] AndroidManifest.xml:21:5-23:60
MERGED from [com.android.support:support-core-utils:26.1.0] AndroidManifest.xml:21:5-23:61
MERGED from [com.android.support:support-core-utils:26.1.0] AndroidManifest.xml:21:5-23:61
MERGED from [com.android.support:support-core-ui:26.1.0] AndroidManifest.xml:21:5-23:58
MERGED from [com.android.support:support-core-ui:26.1.0] AndroidManifest.xml:21:5-23:58
MERGED from [com.android.support:support-compat:26.1.0] AndroidManifest.xml:21:5-23:58
MERGED from [com.android.support:support-compat:26.1.0] AndroidManifest.xml:21:5-23:58
MERGED from [android.arch.lifecycle:runtime:1.0.0] AndroidManifest.xml:20:5-22:41
MERGED from [android.arch.lifecycle:runtime:1.0.0] AndroidManifest.xml:20:5-22:41
INJECTED from android\app\AndroidManifest.xml:31:5-74
	tools:overrideLibrary
		ADDED from [com.android.support:support-v4:26.1.0] AndroidManifest.xml:23:9-51
	android:targetSdkVersion
		ADDED from android\app\AndroidManifest.xml:31:42-71
	android:minSdkVersion
		ADDED from android\app\AndroidManifest.xml:31:15-41
		INJECTED from android\app\AndroidManifest.xml
		INJECTED from android\app\AndroidManifest.xml
uses-permission#android.permission.ACCESS_NETWORK_STATE
ADDED from android\app\AndroidManifest.xml:32:5-79
	android:name
		ADDED from android\app\AndroidManifest.xml:32:22-76
uses-permission#android.permission.WAKE_LOCK
ADDED from android\app\AndroidManifest.xml:33:5-68
	android:name
		ADDED from android\app\AndroidManifest.xml:33:22-65
uses-permission#android.permission.VIBRATE
ADDED from android\app\AndroidManifest.xml:34:5-66
	android:name
		ADDED from android\app\AndroidManifest.xml:34:22-63
uses-permission#com.google.android.c2dm.permission.RECEIVE
ADDED from android\app\AndroidManifest.xml:35:5-82
MERGED from [com.google.android.gms:play-services-gcm:15.0.1] AndroidManifest.xml:23:5-82
MERGED from [com.google.android.gms:play-services-gcm:15.0.1] AndroidManifest.xml:23:5-82
MERGED from [com.google.android.gms:play-services-iid:15.0.1] AndroidManifest.xml:23:5-82
MERGED from [com.google.android.gms:play-services-iid:15.0.1] AndroidManifest.xml:23:5-82
	android:name
		ADDED from android\app\AndroidManifest.xml:35:22-79
activity#com.google.android.gms.common.api.GoogleApiActivity
ADDED from [com.google.android.gms:play-services-base:15.0.1] AndroidManifest.xml:23:9-26:75
	android:exported
		ADDED from [com.google.android.gms:play-services-base:15.0.1] AndroidManifest.xml:25:13-37
	android:theme
		ADDED from [com.google.android.gms:play-services-base:15.0.1] AndroidManifest.xml:26:13-72
	android:name
		ADDED from [com.google.android.gms:play-services-base:15.0.1] AndroidManifest.xml:24:13-79
meta-data#com.google.android.gms.version
ADDED from [com.google.android.gms:play-services-basement:15.0.1] AndroidManifest.xml:23:9-25:69
	android:value
		ADDED from [com.google.android.gms:play-services-basement:15.0.1] AndroidManifest.xml:25:13-66
	android:name
		ADDED from [com.google.android.gms:play-services-basement:15.0.1] AndroidManifest.xml:24:13-58
meta-data#android.support.VERSION
ADDED from [com.android.support:support-v4:26.1.0] AndroidManifest.xml:26:9-28:38
MERGED from [com.android.support:support-media-compat:26.1.0] AndroidManifest.xml:26:9-28:38
MERGED from [com.android.support:support-media-compat:26.1.0] AndroidManifest.xml:26:9-28:38
MERGED from [com.android.support:support-fragment:26.1.0] AndroidManifest.xml:26:9-28:38
MERGED from [com.android.support:support-fragment:26.1.0] AndroidManifest.xml:26:9-28:38
MERGED from [com.android.support:support-core-utils:26.1.0] AndroidManifest.xml:26:9-28:38
MERGED from [com.android.support:support-core-utils:26.1.0] AndroidManifest.xml:26:9-28:38
MERGED from [com.android.support:support-core-ui:26.1.0] AndroidManifest.xml:26:9-28:38
MERGED from [com.android.support:support-core-ui:26.1.0] AndroidManifest.xml:26:9-28:38
MERGED from [com.android.support:support-compat:26.1.0] AndroidManifest.xml:26:9-28:38
MERGED from [com.android.support:support-compat:26.1.0] AndroidManifest.xml:26:9-28:38
	android:value
		ADDED from [com.android.support:support-v4:26.1.0] AndroidManifest.xml:28:13-35
	android:name
		ADDED from [com.android.support:support-v4:26.1.0] AndroidManifest.xml:27:13-51
meta-data#android.arch.lifecycle.VERSION
ADDED from [android.arch.lifecycle:runtime:1.0.0] AndroidManifest.xml:25:9-27:47
	android:value
		ADDED from [android.arch.lifecycle:runtime:1.0.0] AndroidManifest.xml:27:13-44
	android:name
		ADDED from [android.arch.lifecycle:runtime:1.0.0] AndroidManifest.xml:26:13-58